[I 200408 19:08:27 signup:23] Found target! Extracting Form...
[I 200408 19:24:38 signup:23] Found target! Extracting Form...
[I 200408 19:26:53 signup:23] Found target! Extracting Form...
[I 200408 19:27:32 signup:23] Found target! Extracting Form...
[I 200408 19:28:33 signup:23] Found target! Extracting Form...
[I 200408 19:29:58 signup:23] Found target! Extracting Form...
[I 200408 19:31:56 signup:23] Found target! Extracting Form...
[I 200408 19:32:21 signup:23] Found target! Extracting Form...
[I 200408 19:33:52 signup:23] Found target! Extracting Form...
[I 200408 19:37:26 signup:23] Found target! Extracting Form...
[I 200408 19:38:42 signup:23] Found target! Extracting Form...
[I 200408 19:38:56 signup:23] Found target! Extracting Form...
[I 200408 19:39:13 signup:23] Found target! Extracting Form...
[I 200408 19:39:25 signup:23] Found target! Extracting Form...
[I 200408 19:41:31 signup:23] Found target! Extracting Form...
[I 200408 19:45:46 signup:23] Found target! Extracting Form...
[I 200408 19:47:49 signup:23] Found target! Extracting Form...
[I 200408 19:49:02 signup:23] Found target! Extracting Form...
[I 200408 19:51:06 signup:23] Found target! Extracting Form...
[I 200408 19:52:10 signup:23] Found target! Extracting Form...
[I 200408 19:53:02 signup:23] Found target! Extracting Form...
[I 200408 20:02:11 signup:23] Found target! Extracting Form...
[I 200408 20:08:53 signup:23] Found target! Extracting Form...
[I 200408 20:09:09 signup:23] Found target! Extracting Form...
[I 200408 20:09:34 signup:23] Found target! Extracting Form...
[I 200408 20:09:59 signup:23] Found target! Extracting Form...
[I 200408 20:11:36 signup:23] Found target! Extracting Form...
[I 200408 20:12:46 signup:23] Found target! Extracting Form...
[I 200408 20:13:39 signup:23] Found target! Extracting Form...
[I 200408 20:15:34 signup:23] Found target! Extracting Form...
[I 200408 20:18:47 signup:23] Found target! Extracting Form...
[I 200408 20:18:47 signup:34] Setting Target Cookie as:october_session=eyJpdiI6IlVpa2o3VSt3MDVUSmpqU0thRjVqaWc9PSIsInZhbHVlIjoiS1Uzdk51V1pxRktzenAxTUl6U3cxTmRmRU13cE9UVjVCVEZDU2JrVFN0UVNxVWZqS21XY3dOU3FwT1dPZjBoUVh5RCtKMlwvQUFKdXpGd3pmMDYrTklnPT0iLCJtYWMiOiIwNDVmODIxNDI4ZGY2MDc1YmUzOTBkYzNlZGFlODdhYmUwZmU3MzNhZTAxMDcyODA4ODYxNmMyN2ZlODQ0MGI5In0%3D
[I 200408 20:18:47 signup:65] Header & Response created!
[I 200408 20:18:47 signup:66] Attempting registration...
[I 200408 20:19:08 signup:23] Found target! Extracting Form...
[I 200408 20:19:08 signup:34] Setting Target Cookie as:october_session=eyJpdiI6IlpJV1R6aWNBT1pGdXFYNTFJalZsTmc9PSIsInZhbHVlIjoiZDlweXluK3E3ZWVoS3UzS1NLeHh4UGdBNWNkTEx4dkJzTmdNMzNkRHgwS3F2ZnFtQ3FudzVmbXlOS2l5RVVodE0waFpoVjcxRVdmK09HK3ZSWHJtQWc9PSIsIm1hYyI6IjQ4NzRiNWY0NTA3NWE0OTIyNWMxNTNhZGRmNmIxMTFlNDQ1NWVhMGUyODc2NWQ3OWVmOTIwZjQ4Njk1N2QzNTUifQ%3D%3D
[I 200408 20:19:08 signup:65] Header & Response created!
[I 200408 20:19:08 signup:66] Attempting registration...
[E 200408 20:19:09 signup:69] User could not be registered. Response code was: 406
[I 200408 20:19:55 signup:23] Found target! Extracting Form...
[I 200408 20:19:55 signup:34] Setting Target Cookie as:october_session=eyJpdiI6InBGN2dyKzUrUmNzWHNaOHVJcGNjdGc9PSIsInZhbHVlIjoiODBcLzhvaWlDOWYrSTlnaHFSQmFhR01vdXErSzhMUERiMVpEQXV2UnQ2RDA3dG0yV2x4UzlsQzNsdng2cTVIRnN5QVR3R09Sb0xiYmU5NmVPa1ZnZldRPT0iLCJtYWMiOiI2YTI4ZjM5NjZlZDY3MjUyZTljMDcxODkwMjkyMmQ1ZDkzNjdjNzAzNjFmZGM4ODYzNmIyOTg0MDBkN2FjMzc4In0%3D
[I 200408 20:19:55 signup:65] Header & Response created!
[I 200408 20:19:55 signup:66] Attempting registration...
[E 200408 20:19:56 signup:69] User could not be registered. Response code was: 406
[I 200408 20:21:35 signup:23] Found target! Extracting Form...
[I 200408 20:21:35 signup:34] Setting Target Cookie as:october_session=eyJpdiI6ImdSN1lKZEFNYnpWcDZNTVwvRFdGRTJRPT0iLCJ2YWx1ZSI6Ik9cL1h4YkhPK29rc1kyenlcL2RyQnlDQk1MQXFmMlJiOFoxZ3FKdVFUSytVUnh1eHd5MnhvclpYSDNVdFVGTXFcL2c1aUZEQTNLa1NMcDE3Zk1DY3I3dTF3PT0iLCJtYWMiOiI5MzhmOGZhN2Y5NWY1ZjUwMDkxZjEyNjlmNTM1MmFhYjI1ZjI5ZDZiNGU1MDQ2MDIxZTdmNTE5ZTAwYjIwZjk1In0%3D
[I 200408 20:21:35 signup:65] Header & Response created!
[I 200408 20:21:35 signup:66] Attempting registration...
[E 200408 20:21:36 signup:69] User could not be registered. Response code was: 406
[I 200408 20:21:44 signup:23] Found target! Extracting Form...
[I 200408 20:21:45 signup:34] Setting Target Cookie as:october_session=eyJpdiI6ImZtM1FrSFwvK2NcL1RWYVdBRjdadWlRUT09IiwidmFsdWUiOiJucUp0R3RTUUlBUHh5VVwvTkp3YXNMS0dISWh0NThGODYzaW5sQnFcL2U1QXorbkdBOGdZY3hcL21FN21lZ09UZlAzSU10TlhNN0tVenNCdjJZRlU1V2VRZz09IiwibWFjIjoiNDQ2MGVlOGVkMjI5YTg3N2RhOWYwMWQ0YjVjZmU2NGM1OTBjMDk0OTViZjQ2MmYzYjA3OTg3NzdiNTY2OWE2YyJ9
[I 200408 20:21:45 signup:65] Header & Response created!
[I 200408 20:21:45 signup:66] Attempting registration...
[I 200408 20:22:48 signup:23] Found target! Extracting Form...
[I 200408 20:22:48 signup:34] Setting Target Cookie as:october_session=eyJpdiI6IkdmMlJHXC9OMUZGTVhnbGdiSlNDRW9nPT0iLCJ2YWx1ZSI6InFCNDBBS3Boa0ZWYXFWNm9FWTNSdEoyZWNVelh0YnpsaU45ekFvODlMTFdxc0xqMkpMRFFnbkFqS0FuQVVyZVl3aDZxNG45eWRXT2pOXC90TzB1ZXA5dz09IiwibWFjIjoiOGNiNTI3NjgxODJmZDAzZTA4ZmE1YjQzNmEwMGEyYzY2MTAwZWY2ZWYwYWM5ZjcwNWJiZTYyNjRhNWI5MjIxZCJ9
[I 200408 20:22:48 signup:65] Header & Response created!
[I 200408 20:22:48 signup:66] Attempting registration...
[E 200408 20:22:51 signup:69] User could not be registered. Response code was: 406
[I 200408 20:24:03 signup:23] Found target! Extracting Form...
[I 200408 20:24:03 signup:34] Setting Target Cookie as:october_session=eyJpdiI6IlNac09ZZWdaNXBcL20rWDg1SWVCclB3PT0iLCJ2YWx1ZSI6IjROZ1Z1b0t4Umc2b01TS0JIV2NSWkdnVE1mbTVTUlJHS1VQN0k3aTMwYytzQzVOVjNaQ1NzUmZEYTJkZmxZdVZONlhGWTlzWjdnbzBKMGlnYUdRemF3PT0iLCJtYWMiOiJlOWVhNTA4MDYzODc5ZGEyYTcyNjVlYTFjZWQzZTc4YmIyZjU5NjRkZGYwMmRiOTg0MmUyZWNkZjQ0MGNhZGU3In0%3D
[I 200408 20:24:03 signup:65] Header & Response created!
[I 200408 20:24:03 signup:66] Attempting registration...
[E 200408 20:24:04 signup:69] User could not be registered. Response code was: 406
[E 200408 20:24:05 signup:71] Error was:{"X_OCTOBER_ERROR_FIELDS":{"email":["The email has already been taken."],"username":["The username has already been taken."]},"X_OCTOBER_ERROR_MESSAGE":"The email has already been taken."}
[I 200408 20:27:02 signup:23] Found target! Extracting Form...
[I 200408 20:27:02 signup:34] Setting Target Cookie as:october_session=eyJpdiI6Ijd6UnF2K1psclRWZUNJakJ6K1ZoM0E9PSIsInZhbHVlIjoiN2tRbFVCekRkN2ZEdDFtOEpIaVFFc3hlK2RmNUJ5M1d1elVBalRmWGVid2pzRkxPSU55blZyRkEwRTc4TmZkdDdKUmhXNENCSHJDMkNzdHVoTWlzZ1E9PSIsIm1hYyI6ImY5YmY2YjU3Y2EzMDZiNzczNzU1NmMwZWU3YTYwNWZlYWU2ZjQ2ZDE1MGUxMTY5NmEwODlhOTlhMzA1NmRlMjEifQ%3D%3D
[I 200408 20:27:02 signup:65] Header & Response created!
[I 200408 20:27:02 signup:66] Attempting registration...
[I 200408 20:27:33 signup:23] Found target! Extracting Form...
[I 200408 20:27:33 signup:34] Setting Target Cookie as:october_session=eyJpdiI6Ild1c242bkl2KzRoM3FiRXF2Rlkxbmc9PSIsInZhbHVlIjoiRzRuMjlMXC8ySWhNS2hUV1VoWEpIMk5RWFlmT3o0T0lyZVFhNEdqMTJVSlo1RjNBNzZZd3Y0NHNkVzQzblVKTDJXWmlLUnBDZ1FkVDJXU0JtN3pJZFNBPT0iLCJtYWMiOiI2Yjg3ZTQzMTM0MWNiYzYwYjc2OTVmMmE1ODNlNjdkOWRkYmVhOTZjMThkMWEzODAzN2YyNTE4YjZmMjQ3YzAzIn0%3D
[I 200408 20:27:33 signup:65] Header & Response created!
[I 200408 20:27:33 signup:66] Attempting registration...
[I 200408 20:27:43 signup:23] Found target! Extracting Form...
[I 200408 20:27:43 signup:34] Setting Target Cookie as:october_session=eyJpdiI6IlpVTVAxMlZFdU9QTmhBVTFKSjZBV0E9PSIsInZhbHVlIjoiVlNlc2ZCenZPcGp0K1dLWlNTYmVQaG44d200R0ZQKzBodTlMU2FvMUNybXFnWTNLZlV2bWNVM0tTRXd0aU1wYTNwTGRzVVdCVzk0RXBqdXFldHRYM0E9PSIsIm1hYyI6IjIyOTdkZTBjOTA1ZDZkMDBiZmIxZWMxOWRlYjk4MWEzOTk2NzUxMGM5MWM4OWQzOGM1NzM3M2ZkMjJmZDMwNmUifQ%3D%3D
[I 200408 20:27:43 signup:65] Header & Response created!
[I 200408 20:27:43 signup:66] Attempting registration...
